{"C:\\Users\\diksha.agarwal1\\Desktop\\reactApp\\src\\setupTests.js": {"path":"C:\\Users\\diksha.agarwal1\\Desktop\\reactApp\\src\\setupTests.js","statementMap":{"0":{"start":{"line":4,"column":0},"end":{"line":4,"column":38}}},"fnMap":{},"branchMap":{},"s":{"0":2},"f":{},"b":{},"_coverageSchema":"332fd63041d2c1bcb487cc26dd0d5f7d97098a6c","hash":"fba5d8653a2bb29cfc67e321bae650be1717c9ff"}
,"C:\\Users\\diksha.agarwal1\\Desktop\\reactApp\\src\\components\\App.js": {"path":"C:\\Users\\diksha.agarwal1\\Desktop\\reactApp\\src\\components\\App.js","statementMap":{"0":{"start":{"line":8,"column":8},"end":{"line":8,"column":21}},"1":{"start":{"line":9,"column":8},"end":{"line":9,"column":57}},"2":{"start":{"line":10,"column":8},"end":{"line":10,"column":55}},"3":{"start":{"line":11,"column":8},"end":{"line":11,"column":57}},"4":{"start":{"line":12,"column":8},"end":{"line":14,"column":9}},"5":{"start":{"line":17,"column":8},"end":{"line":17,"column":35}},"6":{"start":{"line":20,"column":8},"end":{"line":20,"column":35}},"7":{"start":{"line":23,"column":8},"end":{"line":23,"column":35}},"8":{"start":{"line":26,"column":6},"end":{"line":45,"column":8}},"9":{"start":{"line":39,"column":61},"end":{"line":39,"column":135}},"10":{"start":{"line":40,"column":60},"end":{"line":40,"column":164}}},"fnMap":{"0":{"name":"(anonymous_0)","decl":{"start":{"line":7,"column":4},"end":{"line":7,"column":5}},"loc":{"start":{"line":7,"column":22},"end":{"line":15,"column":5}},"line":7},"1":{"name":"(anonymous_1)","decl":{"start":{"line":16,"column":4},"end":{"line":16,"column":5}},"loc":{"start":{"line":16,"column":27},"end":{"line":18,"column":5}},"line":16},"2":{"name":"(anonymous_2)","decl":{"start":{"line":19,"column":4},"end":{"line":19,"column":5}},"loc":{"start":{"line":19,"column":26},"end":{"line":21,"column":5}},"line":19},"3":{"name":"(anonymous_3)","decl":{"start":{"line":22,"column":4},"end":{"line":22,"column":5}},"loc":{"start":{"line":22,"column":27},"end":{"line":24,"column":5}},"line":22},"4":{"name":"(anonymous_4)","decl":{"start":{"line":25,"column":3},"end":{"line":25,"column":4}},"loc":{"start":{"line":25,"column":12},"end":{"line":46,"column":4}},"line":25},"5":{"name":"(anonymous_5)","decl":{"start":{"line":39,"column":51},"end":{"line":39,"column":52}},"loc":{"start":{"line":39,"column":61},"end":{"line":39,"column":135}},"line":39},"6":{"name":"(anonymous_6)","decl":{"start":{"line":40,"column":50},"end":{"line":40,"column":51}},"loc":{"start":{"line":40,"column":60},"end":{"line":40,"column":164}},"line":40}},"branchMap":{},"s":{"0":1,"1":1,"2":1,"3":1,"4":1,"5":0,"6":0,"7":0,"8":1,"9":0,"10":0},"f":{"0":1,"1":0,"2":0,"3":0,"4":1,"5":0,"6":0},"b":{},"_coverageSchema":"332fd63041d2c1bcb487cc26dd0d5f7d97098a6c","hash":"e13f9cf3c1600072ccdf572bcd1ed5174e431ae3"}
,"C:\\Users\\diksha.agarwal1\\Desktop\\reactApp\\src\\components\\Cart.js": {"path":"C:\\Users\\diksha.agarwal1\\Desktop\\reactApp\\src\\components\\Cart.js","statementMap":{"0":{"start":{"line":4,"column":8},"end":{"line":4,"column":21}},"1":{"start":{"line":7,"column":8},"end":{"line":7,"column":65}},"2":{"start":{"line":8,"column":8},"end":{"line":8,"column":35}},"3":{"start":{"line":11,"column":20},"end":{"line":11,"column":40}},"4":{"start":{"line":12,"column":16},"end":{"line":12,"column":17}},"5":{"start":{"line":13,"column":8},"end":{"line":16,"column":11}},"6":{"start":{"line":14,"column":12},"end":{"line":14,"column":40}},"7":{"start":{"line":15,"column":12},"end":{"line":15,"column":23}},"8":{"start":{"line":17,"column":8},"end":{"line":17,"column":32}},"9":{"start":{"line":18,"column":8},"end":{"line":18,"column":38}},"10":{"start":{"line":21,"column":8},"end":{"line":21,"column":48}},"11":{"start":{"line":22,"column":8},"end":{"line":27,"column":14}},"12":{"start":{"line":23,"column":30},"end":{"line":24,"column":34}},"13":{"start":{"line":24,"column":12},"end":{"line":24,"column":33}},"14":{"start":{"line":25,"column":12},"end":{"line":25,"column":51}},"15":{"start":{"line":26,"column":12},"end":{"line":26,"column":49}},"16":{"start":{"line":30,"column":23},"end":{"line":30,"column":43}},"17":{"start":{"line":31,"column":8},"end":{"line":54,"column":9}},"18":{"start":{"line":41,"column":20},"end":{"line":47,"column":22}},"19":{"start":{"line":45,"column":73},"end":{"line":45,"column":100}},"20":{"start":{"line":51,"column":63},"end":{"line":51,"column":81}},"21":{"start":{"line":52,"column":67},"end":{"line":52,"column":88}}},"fnMap":{"0":{"name":"(anonymous_0)","decl":{"start":{"line":3,"column":4},"end":{"line":3,"column":5}},"loc":{"start":{"line":3,"column":22},"end":{"line":5,"column":5}},"line":3},"1":{"name":"(anonymous_1)","decl":{"start":{"line":6,"column":4},"end":{"line":6,"column":5}},"loc":{"start":{"line":6,"column":17},"end":{"line":9,"column":5}},"line":6},"2":{"name":"(anonymous_2)","decl":{"start":{"line":10,"column":4},"end":{"line":10,"column":5}},"loc":{"start":{"line":10,"column":20},"end":{"line":19,"column":5}},"line":10},"3":{"name":"(anonymous_3)","decl":{"start":{"line":13,"column":18},"end":{"line":13,"column":19}},"loc":{"start":{"line":13,"column":33},"end":{"line":16,"column":9}},"line":13},"4":{"name":"(anonymous_4)","decl":{"start":{"line":20,"column":4},"end":{"line":20,"column":5}},"loc":{"start":{"line":20,"column":29},"end":{"line":28,"column":5}},"line":20},"5":{"name":"(anonymous_5)","decl":{"start":{"line":23,"column":60},"end":{"line":23,"column":61}},"loc":{"start":{"line":24,"column":12},"end":{"line":24,"column":33}},"line":24},"6":{"name":"(anonymous_6)","decl":{"start":{"line":29,"column":4},"end":{"line":29,"column":5}},"loc":{"start":{"line":29,"column":12},"end":{"line":55,"column":5}},"line":29},"7":{"name":"(anonymous_7)","decl":{"start":{"line":40,"column":32},"end":{"line":40,"column":33}},"loc":{"start":{"line":40,"column":46},"end":{"line":48,"column":17}},"line":40},"8":{"name":"(anonymous_8)","decl":{"start":{"line":45,"column":69},"end":{"line":45,"column":70}},"loc":{"start":{"line":45,"column":72},"end":{"line":45,"column":101}},"line":45},"9":{"name":"(anonymous_9)","decl":{"start":{"line":51,"column":60},"end":{"line":51,"column":61}},"loc":{"start":{"line":51,"column":63},"end":{"line":51,"column":81}},"line":51},"10":{"name":"(anonymous_10)","decl":{"start":{"line":52,"column":64},"end":{"line":52,"column":65}},"loc":{"start":{"line":52,"column":67},"end":{"line":52,"column":88}},"line":52}},"branchMap":{"0":{"loc":{"start":{"line":22,"column":8},"end":{"line":27,"column":14}},"type":"if","locations":[{"start":{"line":22,"column":8},"end":{"line":27,"column":14}},{"start":{"line":22,"column":8},"end":{"line":27,"column":14}}],"line":22},"1":{"loc":{"start":{"line":34,"column":17},"end":{"line":49,"column":31}},"type":"cond-expr","locations":[{"start":{"line":35,"column":16},"end":{"line":49,"column":24}},{"start":{"line":49,"column":25},"end":{"line":49,"column":31}}],"line":34}},"s":{"0":1,"1":0,"2":0,"3":0,"4":0,"5":0,"6":0,"7":0,"8":0,"9":0,"10":0,"11":0,"12":0,"13":0,"14":0,"15":0,"16":1,"17":1,"18":0,"19":0,"20":0,"21":0},"f":{"0":1,"1":0,"2":0,"3":0,"4":0,"5":0,"6":1,"7":0,"8":0,"9":0,"10":0},"b":{"0":[0,0],"1":[0,1]},"_coverageSchema":"332fd63041d2c1bcb487cc26dd0d5f7d97098a6c","hash":"38b03feac71209116ce790c40b525703ce7eb24b"}
,"C:\\Users\\diksha.agarwal1\\Desktop\\reactApp\\src\\components\\Home.js": {"path":"C:\\Users\\diksha.agarwal1\\Desktop\\reactApp\\src\\components\\Home.js","statementMap":{"0":{"start":{"line":4,"column":8},"end":{"line":8,"column":9}}},"fnMap":{"0":{"name":"(anonymous_0)","decl":{"start":{"line":3,"column":4},"end":{"line":3,"column":5}},"loc":{"start":{"line":3,"column":12},"end":{"line":9,"column":5}},"line":3}},"branchMap":{},"s":{"0":0},"f":{"0":0},"b":{},"_coverageSchema":"332fd63041d2c1bcb487cc26dd0d5f7d97098a6c","hash":"e8d5de137b20bfa1ff8bbc38eef48c37e8b213b0"}
,"C:\\Users\\diksha.agarwal1\\Desktop\\reactApp\\src\\components\\Women.js": {"path":"C:\\Users\\diksha.agarwal1\\Desktop\\reactApp\\src\\components\\Women.js","statementMap":{"0":{"start":{"line":6,"column":8},"end":{"line":6,"column":21}},"1":{"start":{"line":7,"column":8},"end":{"line":9,"column":10}},"2":{"start":{"line":12,"column":8},"end":{"line":15,"column":36}},"3":{"start":{"line":14,"column":17},"end":{"line":14,"column":58}},"4":{"start":{"line":15,"column":20},"end":{"line":15,"column":34}},"5":{"start":{"line":18,"column":8},"end":{"line":23,"column":9}}},"fnMap":{"0":{"name":"(anonymous_0)","decl":{"start":{"line":5,"column":4},"end":{"line":5,"column":5}},"loc":{"start":{"line":5,"column":22},"end":{"line":10,"column":5}},"line":5},"1":{"name":"(anonymous_1)","decl":{"start":{"line":11,"column":4},"end":{"line":11,"column":5}},"loc":{"start":{"line":11,"column":23},"end":{"line":16,"column":5}},"line":11},"2":{"name":"(anonymous_2)","decl":{"start":{"line":13,"column":14},"end":{"line":13,"column":15}},"loc":{"start":{"line":13,"column":24},"end":{"line":15,"column":9}},"line":13},"3":{"name":"(anonymous_3)","decl":{"start":{"line":15,"column":17},"end":{"line":15,"column":18}},"loc":{"start":{"line":15,"column":20},"end":{"line":15,"column":34}},"line":15},"4":{"name":"(anonymous_4)","decl":{"start":{"line":17,"column":4},"end":{"line":17,"column":5}},"loc":{"start":{"line":17,"column":12},"end":{"line":24,"column":5}},"line":17}},"branchMap":{},"s":{"0":0,"1":0,"2":0,"3":0,"4":0,"5":0},"f":{"0":0,"1":0,"2":0,"3":0,"4":0},"b":{},"_coverageSchema":"332fd63041d2c1bcb487cc26dd0d5f7d97098a6c","hash":"7b63c7db514577e38d0fbbeed4eecc3b96c944af"}
,"C:\\Users\\diksha.agarwal1\\Desktop\\reactApp\\src\\components\\Women_Table.js": {"path":"C:\\Users\\diksha.agarwal1\\Desktop\\reactApp\\src\\components\\Women_Table.js","statementMap":{"0":{"start":{"line":4,"column":8},"end":{"line":4,"column":21}},"1":{"start":{"line":5,"column":16},"end":{"line":5,"column":61}},"2":{"start":{"line":9,"column":8},"end":{"line":9,"column":83}},"3":{"start":{"line":10,"column":8},"end":{"line":13,"column":69}},"4":{"start":{"line":11,"column":12},"end":{"line":11,"column":81}},"5":{"start":{"line":13,"column":12},"end":{"line":13,"column":69}},"6":{"start":{"line":14,"column":9},"end":{"line":14,"column":84}},"7":{"start":{"line":16,"column":20},"end":{"line":16,"column":78}},"8":{"start":{"line":17,"column":22},"end":{"line":17,"column":24}},"9":{"start":{"line":18,"column":8},"end":{"line":18,"column":38}},"10":{"start":{"line":19,"column":8},"end":{"line":22,"column":29}},"11":{"start":{"line":20,"column":12},"end":{"line":20,"column":46}},"12":{"start":{"line":22,"column":12},"end":{"line":22,"column":29}},"13":{"start":{"line":23,"column":8},"end":{"line":23,"column":42}},"14":{"start":{"line":26,"column":8},"end":{"line":26,"column":42}},"15":{"start":{"line":27,"column":8},"end":{"line":27,"column":82}},"16":{"start":{"line":28,"column":8},"end":{"line":48,"column":9}},"17":{"start":{"line":37,"column":20},"end":{"line":44,"column":22}},"18":{"start":{"line":42,"column":83},"end":{"line":42,"column":133}}},"fnMap":{"0":{"name":"(anonymous_0)","decl":{"start":{"line":3,"column":4},"end":{"line":3,"column":5}},"loc":{"start":{"line":3,"column":22},"end":{"line":6,"column":5}},"line":3},"1":{"name":"(anonymous_1)","decl":{"start":{"line":7,"column":4},"end":{"line":7,"column":5}},"loc":{"start":{"line":7,"column":41},"end":{"line":24,"column":5}},"line":7},"2":{"name":"(anonymous_2)","decl":{"start":{"line":25,"column":4},"end":{"line":25,"column":5}},"loc":{"start":{"line":25,"column":12},"end":{"line":49,"column":5}},"line":25},"3":{"name":"(anonymous_3)","decl":{"start":{"line":36,"column":42},"end":{"line":36,"column":43}},"loc":{"start":{"line":36,"column":55},"end":{"line":45,"column":17}},"line":36},"4":{"name":"(anonymous_4)","decl":{"start":{"line":42,"column":80},"end":{"line":42,"column":81}},"loc":{"start":{"line":42,"column":83},"end":{"line":42,"column":133}},"line":42}},"branchMap":{"0":{"loc":{"start":{"line":10,"column":8},"end":{"line":13,"column":69}},"type":"if","locations":[{"start":{"line":10,"column":8},"end":{"line":13,"column":69}},{"start":{"line":10,"column":8},"end":{"line":13,"column":69}}],"line":10},"1":{"loc":{"start":{"line":19,"column":8},"end":{"line":22,"column":29}},"type":"if","locations":[{"start":{"line":19,"column":8},"end":{"line":22,"column":29}},{"start":{"line":19,"column":8},"end":{"line":22,"column":29}}],"line":19}},"s":{"0":0,"1":0,"2":0,"3":0,"4":0,"5":0,"6":0,"7":0,"8":0,"9":0,"10":0,"11":0,"12":0,"13":0,"14":0,"15":0,"16":0,"17":0,"18":0},"f":{"0":0,"1":0,"2":0,"3":0,"4":0},"b":{"0":[0,0],"1":[0,0]},"_coverageSchema":"332fd63041d2c1bcb487cc26dd0d5f7d97098a6c","hash":"383586ded1a5740518b22f65d5a86b1ce679a27e"}
}
